Using pre-set license
Built from '2020.3/release' branch; Version is '2020.3.2f1 (8fd9074bf66c) revision 9427207'; Using compiler version '192528614'; Build Type 'Release'
OS: 'Windows 10 Home Single Language; OS build 22000.282; Version 2009; 64bit' Language: 'en' Physical Memory: 7037 MB
BatchMode: 1, IsHumanControllingUs: 0, StartBugReporterOnCrash: 0, Is64bit: 1, IsPro: 0

 COMMAND LINE ARGUMENTS:
C:\Program Files\Unity\Hub\Editor\2020.3.2f1\Editor\Unity.exe
-adb2
-batchMode
-noUpm
-name
AssetImportWorker0
-projectPath
C:/1. Tempat Kuliah/Semester Pendek(6)/Project_Pemrograman_Game
-logFile
Logs/AssetImportWorker0.log
-srvPort
50038
Successfully changed project path to: C:/1. Tempat Kuliah/Semester Pendek(6)/Project_Pemrograman_Game
C:/1. Tempat Kuliah/Semester Pendek(6)/Project_Pemrograman_Game
Using Asset Import Pipeline V2.
Refreshing native plugins compatible for Editor in 191.19 ms, found 2 plugins.
Preloading 0 native plugins for Editor in 0.00 ms.
Initialize engine version: 2020.3.2f1 (8fd9074bf66c)
[Subsystems] Discovering subsystems at path C:/Program Files/Unity/Hub/Editor/2020.3.2f1/Editor/Data/Resources/UnitySubsystems
[Subsystems] Discovering subsystems at path C:/1. Tempat Kuliah/Semester Pendek(6)/Project_Pemrograman_Game/Assets
GfxDevice: creating device client; threaded=0
Direct3D:
    Version:  Direct3D 11.0 [level 11.1]
    Renderer: AMD Radeon(TM) Graphics (ID=0x1636)
    Vendor:   
    VRAM:     3518 MB
    Driver:   27.20.11028.10001
Shader 'Enviro/Lite/SkyboxSimple': fallback shader 'None' not found
Shader 'Enviro/Standard/SkyboxSimple': fallback shader 'None' not found
Initialize mono
Mono path[0] = 'C:/Program Files/Unity/Hub/Editor/2020.3.2f1/Editor/Data/Managed'
Mono path[1] = 'C:/Program Files/Unity/Hub/Editor/2020.3.2f1/Editor/Data/MonoBleedingEdge/lib/mono/unityjit'
Mono config path = 'C:/Program Files/Unity/Hub/Editor/2020.3.2f1/Editor/Data/MonoBleedingEdge/etc'
Using monoOptions --debugger-agent=transport=dt_socket,embedding=1,server=y,suspend=n,address=127.0.0.1:56552
Begin MonoManager ReloadAssembly
Registering precompiled unity dll's ...
Register platform support module: C:/Program Files/Unity/Hub/Editor/2020.3.2f1/Editor/Data/PlaybackEngines/WindowsStandaloneSupport/UnityEditor.WindowsStandalone.Extensions.dll
Registered in 0.004259 seconds.
Native extension for WindowsStandalone target not found
Refreshing native plugins compatible for Editor in 205.29 ms, found 2 plugins.
Preloading 0 native plugins for Editor in 0.00 ms.
Invoked RoslynAnalysisRunner static constructor.
RoslynAnalysisRunner will not be running.
RoslynAnalysisRunner has terminated.
Mono: successfully reloaded assembly
- Completed reload, in  3.493 seconds
Platform modules already initialized, skipping
Registering precompiled user dll's ...
Registered in 0.031631 seconds.
Begin MonoManager ReloadAssembly
Native extension for WindowsStandalone target not found
Refreshing native plugins compatible for Editor in 235.58 ms, found 2 plugins.
Preloading 0 native plugins for Editor in 0.00 ms.
Invoked RoslynAnalysisRunner static constructor.
RoslynAnalysisRunner will not be running.
RoslynAnalysisRunner has terminated.
Mono: successfully reloaded assembly
- Completed reload, in  4.221 seconds
Platform modules already initialized, skipping
========================================================================
Worker process is ready to serve import requests
Shader 'Enviro/Lite/SkyboxSimple': fallback shader 'None' not found
Shader 'Enviro/Standard/SkyboxSimple': fallback shader 'None' not found
Launched and connected shader compiler UnityShaderCompiler.exe after 0.10 seconds
Refreshing native plugins compatible for Editor in 1.93 ms, found 2 plugins.
Preloading 0 native plugins for Editor in 0.00 ms.
Unloading 2469 Unused Serialized files (Serialized files now loaded: 0)
System memory in use before: 233.7 MB.
System memory in use after: 233.5 MB.

Unloading 24 unused Assets to reduce memory usage. Loaded Objects now: 2946.
Total: 6.838900 ms (FindLiveObjects: 0.621600 ms CreateObjectMapping: 0.331600 ms MarkObjects: 4.897500 ms  DeleteObjects: 0.985000 ms)

========================================================================
Received Import Request.
  path: Assets/Animator/animator.controller
  artifactKey: Guid(99f8be168ff7b85419daa7e620fa9369) Importer(815301076,1909f56bfc062723c751e8b465ee728b)
Start importing Assets/Animator/animator.controller using Guid(99f8be168ff7b85419daa7e620fa9369) Importer(815301076,1909f56bfc062723c751e8b465ee728b)  -> (artifact id: '629a938124a9c76640733a63bb04c433') in 0.102548 seconds
  Import took 0.113370 seconds .

========================================================================
Received Prepare
Shader 'Enviro/Lite/SkyboxSimple': fallback shader 'None' not found
Shader 'Enviro/Standard/SkyboxSimple': fallback shader 'None' not found
Refreshing native plugins compatible for Editor in 7.38 ms, found 2 plugins.
Preloading 0 native plugins for Editor in 0.00 ms.
Unloading 16 Unused Serialized files (Serialized files now loaded: 0)
System memory in use before: 175.9 MB.
System memory in use after: 175.7 MB.

Unloading 16 unused Assets to reduce memory usage. Loaded Objects now: 2946.
Total: 8.395600 ms (FindLiveObjects: 0.578100 ms CreateObjectMapping: 0.176500 ms MarkObjects: 5.887100 ms  DeleteObjects: 1.750200 ms)

========================================================================
Received Prepare
Registering precompiled user dll's ...
Registered in 0.019868 seconds.
Begin MonoManager ReloadAssembly
Native extension for WindowsStandalone target not found
Refreshing native plugins compatible for Editor in 1.76 ms, found 2 plugins.
Preloading 0 native plugins for Editor in 0.00 ms.
Invoked RoslynAnalysisRunner static constructor.
RoslynAnalysisRunner will not be running.
RoslynAnalysisRunner has terminated.
Mono: successfully reloaded assembly
- Completed reload, in  2.218 seconds
Platform modules already initialized, skipping
Shader 'Enviro/Lite/SkyboxSimple': fallback shader 'None' not found
Shader 'Enviro/Standard/SkyboxSimple': fallback shader 'None' not found
Refreshing native plugins compatible for Editor in 1.66 ms, found 2 plugins.
Preloading 0 native plugins for Editor in 0.00 ms.
Unloading 2347 Unused Serialized files (Serialized files now loaded: 0)
System memory in use before: 222.2 MB.
System memory in use after: 222.0 MB.

Unloading 19 unused Assets to reduce memory usage. Loaded Objects now: 2951.
Total: 6.517000 ms (FindLiveObjects: 0.870400 ms CreateObjectMapping: 0.351500 ms MarkObjects: 4.386100 ms  DeleteObjects: 0.905600 ms)

========================================================================
Received Prepare
Registering precompiled user dll's ...
Registered in 0.007294 seconds.
Begin MonoManager ReloadAssembly
Native extension for WindowsStandalone target not found
Refreshing native plugins compatible for Editor in 1.68 ms, found 2 plugins.
Preloading 0 native plugins for Editor in 0.00 ms.
Invoked RoslynAnalysisRunner static constructor.
RoslynAnalysisRunner will not be running.
RoslynAnalysisRunner has terminated.
Mono: successfully reloaded assembly
- Completed reload, in  2.161 seconds
Platform modules already initialized, skipping
Shader 'Enviro/Lite/SkyboxSimple': fallback shader 'None' not found
Shader 'Enviro/Standard/SkyboxSimple': fallback shader 'None' not found
Refreshing native plugins compatible for Editor in 2.24 ms, found 2 plugins.
Preloading 0 native plugins for Editor in 0.00 ms.
Unloading 2347 Unused Serialized files (Serialized files now loaded: 0)
System memory in use before: 222.2 MB.
System memory in use after: 222.0 MB.

Unloading 19 unused Assets to reduce memory usage. Loaded Objects now: 2956.
Total: 6.566900 ms (FindLiveObjects: 0.763600 ms CreateObjectMapping: 0.240600 ms MarkObjects: 4.639300 ms  DeleteObjects: 0.920200 ms)

========================================================================
Received Prepare
Registering precompiled user dll's ...
Registered in 0.009249 seconds.
Begin MonoManager ReloadAssembly
Native extension for WindowsStandalone target not found
Refreshing native plugins compatible for Editor in 1.70 ms, found 2 plugins.
Preloading 0 native plugins for Editor in 0.00 ms.
Invoked RoslynAnalysisRunner static constructor.
RoslynAnalysisRunner will not be running.
RoslynAnalysisRunner has terminated.
Mono: successfully reloaded assembly
- Completed reload, in  2.189 seconds
Platform modules already initialized, skipping
Shader 'Enviro/Lite/SkyboxSimple': fallback shader 'None' not found
Shader 'Enviro/Standard/SkyboxSimple': fallback shader 'None' not found
Refreshing native plugins compatible for Editor in 1.67 ms, found 2 plugins.
Preloading 0 native plugins for Editor in 0.00 ms.
Unloading 2347 Unused Serialized files (Serialized files now loaded: 0)
System memory in use before: 222.2 MB.
System memory in use after: 222.1 MB.

Unloading 19 unused Assets to reduce memory usage. Loaded Objects now: 2961.
Total: 6.157400 ms (FindLiveObjects: 0.455000 ms CreateObjectMapping: 0.144200 ms MarkObjects: 4.543200 ms  DeleteObjects: 1.011300 ms)

========================================================================
Received Import Request.
  Time since last request: 503.652980 seconds.
  path: Assets/Script/RiggingScript.cs
  artifactKey: Guid(b480761cb0513aa4cb44dc7be7bba16f) Importer(815301076,1909f56bfc062723c751e8b465ee728b)
Start importing Assets/Script/RiggingScript.cs using Guid(b480761cb0513aa4cb44dc7be7bba16f) Importer(815301076,1909f56bfc062723c751e8b465ee728b)  -> (artifact id: '3c2eb183b107f249332a24d84aef5560') in 0.048497 seconds
  Import took 0.059836 seconds .

========================================================================
Received Import Request.
  Time since last request: 0.001137 seconds.
  path: Assets/Script/RiggingScript.cs
  artifactKey: Guid(b480761cb0513aa4cb44dc7be7bba16f) Importer(815301076,1909f56bfc062723c751e8b465ee728b)
Start importing Assets/Script/RiggingScript.cs using Guid(b480761cb0513aa4cb44dc7be7bba16f) Importer(815301076,1909f56bfc062723c751e8b465ee728b)  -> (artifact id: '3c2eb183b107f249332a24d84aef5560') in 0.006146 seconds
  Import took 0.017053 seconds .

========================================================================
Received Prepare
Registering precompiled user dll's ...
Registered in 0.014468 seconds.
Begin MonoManager ReloadAssembly
Native extension for WindowsStandalone target not found
Refreshing native plugins compatible for Editor in 1.82 ms, found 2 plugins.
Preloading 0 native plugins for Editor in 0.00 ms.
Invoked RoslynAnalysisRunner static constructor.
RoslynAnalysisRunner will not be running.
RoslynAnalysisRunner has terminated.
Mono: successfully reloaded assembly
- Completed reload, in  2.887 seconds
Platform modules already initialized, skipping
Shader 'Enviro/Lite/SkyboxSimple': fallback shader 'None' not found
Shader 'Enviro/Standard/SkyboxSimple': fallback shader 'None' not found
Refreshing native plugins compatible for Editor in 1.73 ms, found 2 plugins.
Preloading 0 native plugins for Editor in 0.00 ms.
Unloading 2347 Unused Serialized files (Serialized files now loaded: 0)
System memory in use before: 222.3 MB.
System memory in use after: 222.1 MB.

Unloading 19 unused Assets to reduce memory usage. Loaded Objects now: 2966.
Total: 6.683400 ms (FindLiveObjects: 0.460100 ms CreateObjectMapping: 0.146300 ms MarkObjects: 5.069700 ms  DeleteObjects: 1.003800 ms)

========================================================================
Received Prepare
Registering precompiled user dll's ...
Registered in 0.112471 seconds.
Begin MonoManager ReloadAssembly
Native extension for WindowsStandalone target not found
Refreshing native plugins compatible for Editor in 2.53 ms, found 2 plugins.
Preloading 0 native plugins for Editor in 0.00 ms.
Invoked RoslynAnalysisRunner static constructor.
RoslynAnalysisRunner will not be running.
RoslynAnalysisRunner has terminated.
Mono: successfully reloaded assembly
- Completed reload, in  3.814 seconds
Platform modules already initialized, skipping
Shader 'Enviro/Lite/SkyboxSimple': fallback shader 'None' not found
Shader 'Enviro/Standard/SkyboxSimple': fallback shader 'None' not found
Refreshing native plugins compatible for Editor in 2.03 ms, found 2 plugins.
Preloading 0 native plugins for Editor in 0.00 ms.
Unloading 2347 Unused Serialized files (Serialized files now loaded: 0)
System memory in use before: 222.2 MB.
System memory in use after: 222.0 MB.

Unloading 19 unused Assets to reduce memory usage. Loaded Objects now: 2971.
Total: 7.646300 ms (FindLiveObjects: 0.515800 ms CreateObjectMapping: 0.216200 ms MarkObjects: 5.821000 ms  DeleteObjects: 1.088300 ms)

========================================================================
Received Prepare
Registering precompiled user dll's ...
Registered in 0.015962 seconds.
Begin MonoManager ReloadAssembly
Native extension for WindowsStandalone target not found
Refreshing native plugins compatible for Editor in 3.14 ms, found 2 plugins.
Preloading 0 native plugins for Editor in 0.00 ms.
Invoked RoslynAnalysisRunner static constructor.
RoslynAnalysisRunner will not be running.
RoslynAnalysisRunner has terminated.
Mono: successfully reloaded assembly
- Completed reload, in  2.887 seconds
Platform modules already initialized, skipping
Shader 'Enviro/Lite/SkyboxSimple': fallback shader 'None' not found
Shader 'Enviro/Standard/SkyboxSimple': fallback shader 'None' not found
Refreshing native plugins compatible for Editor in 2.60 ms, found 2 plugins.
Preloading 0 native plugins for Editor in 0.00 ms.
Unloading 2347 Unused Serialized files (Serialized files now loaded: 0)
System memory in use before: 222.3 MB.
System memory in use after: 222.1 MB.

Unloading 19 unused Assets to reduce memory usage. Loaded Objects now: 2976.
Total: 8.557800 ms (FindLiveObjects: 0.493200 ms CreateObjectMapping: 0.207400 ms MarkObjects: 6.689600 ms  DeleteObjects: 1.164000 ms)

========================================================================
Received Prepare
Registering precompiled user dll's ...
Registered in 0.014966 seconds.
Begin MonoManager ReloadAssembly
Native extension for WindowsStandalone target not found
Refreshing native plugins compatible for Editor in 2.57 ms, found 2 plugins.
Preloading 0 native plugins for Editor in 0.00 ms.
Invoked RoslynAnalysisRunner static constructor.
RoslynAnalysisRunner will not be running.
RoslynAnalysisRunner has terminated.
Mono: successfully reloaded assembly
- Completed reload, in  2.836 seconds
Platform modules already initialized, skipping
Shader 'Enviro/Lite/SkyboxSimple': fallback shader 'None' not found
Shader 'Enviro/Standard/SkyboxSimple': fallback shader 'None' not found
Refreshing native plugins compatible for Editor in 6.05 ms, found 2 plugins.
Preloading 0 native plugins for Editor in 0.00 ms.
Unloading 2347 Unused Serialized files (Serialized files now loaded: 0)
System memory in use before: 222.3 MB.
System memory in use after: 222.1 MB.

Unloading 19 unused Assets to reduce memory usage. Loaded Objects now: 2981.
Total: 9.998000 ms (FindLiveObjects: 0.469300 ms CreateObjectMapping: 0.135900 ms MarkObjects: 7.905800 ms  DeleteObjects: 1.482700 ms)

========================================================================
Received Prepare
Registering precompiled user dll's ...
Registered in 0.008297 seconds.
Begin MonoManager ReloadAssembly
Native extension for WindowsStandalone target not found
Refreshing native plugins compatible for Editor in 1.71 ms, found 2 plugins.
Preloading 0 native plugins for Editor in 0.00 ms.
Invoked RoslynAnalysisRunner static constructor.
RoslynAnalysisRunner will not be running.
RoslynAnalysisRunner has terminated.
Mono: successfully reloaded assembly
- Completed reload, in  2.389 seconds
Platform modules already initialized, skipping
Shader 'Enviro/Lite/SkyboxSimple': fallback shader 'None' not found
Shader 'Enviro/Standard/SkyboxSimple': fallback shader 'None' not found
Refreshing native plugins compatible for Editor in 1.73 ms, found 2 plugins.
Preloading 0 native plugins for Editor in 0.00 ms.
Unloading 2347 Unused Serialized files (Serialized files now loaded: 0)
System memory in use before: 222.3 MB.
System memory in use after: 222.1 MB.

Unloading 19 unused Assets to reduce memory usage. Loaded Objects now: 2986.
Total: 6.879800 ms (FindLiveObjects: 0.892200 ms CreateObjectMapping: 0.186300 ms MarkObjects: 4.780700 ms  DeleteObjects: 1.018200 ms)

========================================================================
Received Import Request.
  Time since last request: 3947.278461 seconds.
  path: Assets/Model 3D/Paladin/Animation/paladin_j_nordstrom@Crouch To Stand.fbx
  artifactKey: Guid(baaccfceff6ba6e4299686c9faaf432c) Importer(815301076,1909f56bfc062723c751e8b465ee728b)
Start importing Assets/Model 3D/Paladin/Animation/paladin_j_nordstrom@Crouch To Stand.fbx using Guid(baaccfceff6ba6e4299686c9faaf432c) Importer(815301076,1909f56bfc062723c751e8b465ee728b)  -> (artifact id: 'd901f0272b1c2e3f32e14384a59ec653') in 0.117573 seconds
  Import took 0.129163 seconds .

========================================================================
Received Import Request.
  Time since last request: 0.000461 seconds.
  path: Assets/Model 3D/Paladin/Animation/paladin_j_nordstrom@Crouched Sneaking Right.fbx
  artifactKey: Guid(0f317361af73ec64a91bd9c9fa43945c) Importer(815301076,1909f56bfc062723c751e8b465ee728b)
Start importing Assets/Model 3D/Paladin/Animation/paladin_j_nordstrom@Crouched Sneaking Right.fbx using Guid(0f317361af73ec64a91bd9c9fa43945c) Importer(815301076,1909f56bfc062723c751e8b465ee728b)  -> (artifact id: 'f2ed5ab503a0b662f3a36af8460cad3e') in 0.023685 seconds
  Import took 0.032128 seconds .

========================================================================
Received Import Request.
  Time since last request: 0.000423 seconds.
  path: Assets/Model 3D/Paladin/Animation/paladin_j_nordstrom@Crouching Idle.fbx
  artifactKey: Guid(71272962ff9ce6f42ae3efd1d16892bb) Importer(815301076,1909f56bfc062723c751e8b465ee728b)
Start importing Assets/Model 3D/Paladin/Animation/paladin_j_nordstrom@Crouching Idle.fbx using Guid(71272962ff9ce6f42ae3efd1d16892bb) Importer(815301076,1909f56bfc062723c751e8b465ee728b)  -> (artifact id: 'ad0d0cc96b95c72f1b0eadc1338a76c0') in 0.021816 seconds
  Import took 0.031078 seconds .

========================================================================
Received Import Request.
  Time since last request: 0.000433 seconds.
  path: Assets/Model 3D/Paladin/Animation/paladin_j_nordstrom@Crouched Sneaking Left.fbx
  artifactKey: Guid(f0529dbd7ad825547ae1a7ae92ae2ec2) Importer(815301076,1909f56bfc062723c751e8b465ee728b)
Start importing Assets/Model 3D/Paladin/Animation/paladin_j_nordstrom@Crouched Sneaking Left.fbx using Guid(f0529dbd7ad825547ae1a7ae92ae2ec2) Importer(815301076,1909f56bfc062723c751e8b465ee728b)  -> (artifact id: 'cc873c2d98f94c7568b456b9f310e0d2') in 0.035795 seconds
  Import took 0.046804 seconds .

========================================================================
Received Import Request.
  Time since last request: 0.000545 seconds.
  path: Assets/Model 3D/Paladin/Animation/paladin_j_nordstrom@Standing To Crouched.fbx
  artifactKey: Guid(3fe92489b14f0114a88d08e0624136ac) Importer(815301076,1909f56bfc062723c751e8b465ee728b)
Start importing Assets/Model 3D/Paladin/Animation/paladin_j_nordstrom@Standing To Crouched.fbx using Guid(3fe92489b14f0114a88d08e0624136ac) Importer(815301076,1909f56bfc062723c751e8b465ee728b)  -> (artifact id: '9e718fd3ac252550ccbdba5053a43d08') in 0.028591 seconds
  Import took 0.038058 seconds .

========================================================================
Received Import Request.
  Time since last request: 0.000367 seconds.
  path: Assets/Model 3D/Paladin/Animation/paladin_j_nordstrom@Crouched Walking.fbx
  artifactKey: Guid(1358cda15adfaae4bb5fa4ceccabad2e) Importer(815301076,1909f56bfc062723c751e8b465ee728b)
Start importing Assets/Model 3D/Paladin/Animation/paladin_j_nordstrom@Crouched Walking.fbx using Guid(1358cda15adfaae4bb5fa4ceccabad2e) Importer(815301076,1909f56bfc062723c751e8b465ee728b)  -> (artifact id: '9aacf2d8ddb5f1a9d07a8a4994348236') in 0.027504 seconds
  Import took 0.035867 seconds .

========================================================================
Received Import Request.
  Time since last request: 0.034776 seconds.
  path: Assets/Model 3D/Paladin/Animation/paladin_j_nordstrom@Standing To Crouched.fbx
  artifactKey: Guid(3fe92489b14f0114a88d08e0624136ac) Importer(815301076,1909f56bfc062723c751e8b465ee728b)
Start importing Assets/Model 3D/Paladin/Animation/paladin_j_nordstrom@Standing To Crouched.fbx using Guid(3fe92489b14f0114a88d08e0624136ac) Importer(815301076,1909f56bfc062723c751e8b465ee728b)  -> (artifact id: '9e718fd3ac252550ccbdba5053a43d08') in 0.012522 seconds
  Import took 0.023298 seconds .

========================================================================
Received Import Request.
  Time since last request: 151.774056 seconds.
  path: Assets/Model 3D/Paladin/Animation/paladin_j_nordstrom@Running Backward.fbx
  artifactKey: Guid(8ebb0ab346d20854da33286fc909ee13) Importer(815301076,1909f56bfc062723c751e8b465ee728b)
Start importing Assets/Model 3D/Paladin/Animation/paladin_j_nordstrom@Running Backward.fbx using Guid(8ebb0ab346d20854da33286fc909ee13) Importer(815301076,1909f56bfc062723c751e8b465ee728b)  -> (artifact id: '3f2c6189a19efa8636fa0d1c994dd703') in 0.026727 seconds
  Import took 0.039223 seconds .

========================================================================
Received Import Request.
  Time since last request: 0.000499 seconds.
  path: Assets/Model 3D/Paladin/Animation/paladin_j_nordstrom@Walking Backwards.fbx
  artifactKey: Guid(198fb23d08736cf45b8d6ab3ea78464f) Importer(815301076,1909f56bfc062723c751e8b465ee728b)
Start importing Assets/Model 3D/Paladin/Animation/paladin_j_nordstrom@Walking Backwards.fbx using Guid(198fb23d08736cf45b8d6ab3ea78464f) Importer(815301076,1909f56bfc062723c751e8b465ee728b)  -> (artifact id: '545ba4d6d826bd426beed6644b70bd4e') in 0.024157 seconds
  Import took 0.035825 seconds .

========================================================================
Received Import Request.
  Time since last request: 0.018240 seconds.
  path: Assets/Model 3D/Paladin/Animation/paladin_j_nordstrom@Running Backward.fbx
  artifactKey: Guid(8ebb0ab346d20854da33286fc909ee13) Importer(815301076,1909f56bfc062723c751e8b465ee728b)
Start importing Assets/Model 3D/Paladin/Animation/paladin_j_nordstrom@Running Backward.fbx using Guid(8ebb0ab346d20854da33286fc909ee13) Importer(815301076,1909f56bfc062723c751e8b465ee728b)  -> (artifact id: '3f2c6189a19efa8636fa0d1c994dd703') in 0.013777 seconds
  Import took 0.024139 seconds .

========================================================================
Received Prepare
Registering precompiled user dll's ...
Registered in 0.020827 seconds.
Begin MonoManager ReloadAssembly
Native extension for WindowsStandalone target not found
Refreshing native plugins compatible for Editor in 2.06 ms, found 2 plugins.
Preloading 0 native plugins for Editor in 0.00 ms.
Invoked RoslynAnalysisRunner static constructor.
RoslynAnalysisRunner will not be running.
RoslynAnalysisRunner has terminated.
Mono: successfully reloaded assembly
- Completed reload, in  3.118 seconds
Platform modules already initialized, skipping
Shader 'Enviro/Lite/SkyboxSimple': fallback shader 'None' not found
Shader 'Enviro/Standard/SkyboxSimple': fallback shader 'None' not found
Refreshing native plugins compatible for Editor in 1.84 ms, found 2 plugins.
Preloading 0 native plugins for Editor in 0.00 ms.
Unloading 2347 Unused Serialized files (Serialized files now loaded: 0)
System memory in use before: 222.4 MB.
System memory in use after: 222.2 MB.

Unloading 19 unused Assets to reduce memory usage. Loaded Objects now: 2991.
Total: 7.551600 ms (FindLiveObjects: 0.507100 ms CreateObjectMapping: 0.194200 ms MarkObjects: 5.493300 ms  DeleteObjects: 1.353400 ms)

========================================================================
Received Import Request.
  Time since last request: 155.789806 seconds.
  path: Assets/Model 3D/Paladin/Animation/paladin_j_nordstrom@Walking Backwards.fbx
  artifactKey: Guid(198fb23d08736cf45b8d6ab3ea78464f) Importer(815301076,1909f56bfc062723c751e8b465ee728b)
Start importing Assets/Model 3D/Paladin/Animation/paladin_j_nordstrom@Walking Backwards.fbx using Guid(198fb23d08736cf45b8d6ab3ea78464f) Importer(815301076,1909f56bfc062723c751e8b465ee728b)  -> (artifact id: 'cf7db20ba93404ac8f872a48c4e3853b') in 0.472567 seconds
  Import took 0.484751 seconds .

========================================================================
Received Prepare
Registering precompiled user dll's ...
Registered in 0.011664 seconds.
Begin MonoManager ReloadAssembly
Native extension for WindowsStandalone target not found
Refreshing native plugins compatible for Editor in 2.24 ms, found 2 plugins.
Preloading 0 native plugins for Editor in 0.00 ms.
Invoked RoslynAnalysisRunner static constructor.
RoslynAnalysisRunner will not be running.
RoslynAnalysisRunner has terminated.
Mono: successfully reloaded assembly
- Completed reload, in  2.519 seconds
Platform modules already initialized, skipping
Shader 'Enviro/Lite/SkyboxSimple': fallback shader 'None' not found
Shader 'Enviro/Standard/SkyboxSimple': fallback shader 'None' not found
Refreshing native plugins compatible for Editor in 3.01 ms, found 2 plugins.
Preloading 0 native plugins for Editor in 0.00 ms.
Unloading 2347 Unused Serialized files (Serialized files now loaded: 0)
System memory in use before: 222.3 MB.
System memory in use after: 222.1 MB.

Unloading 19 unused Assets to reduce memory usage. Loaded Objects now: 2996.
Total: 11.472300 ms (FindLiveObjects: 1.454600 ms CreateObjectMapping: 0.474700 ms MarkObjects: 8.103300 ms  DeleteObjects: 1.434800 ms)

========================================================================
Received Import Request.
  Time since last request: 44.760685 seconds.
  path: Assets/Model 3D/Paladin/Animation/paladin_j_nordstrom@Walking Backwards.fbx
  artifactKey: Guid(198fb23d08736cf45b8d6ab3ea78464f) Importer(815301076,1909f56bfc062723c751e8b465ee728b)
Start importing Assets/Model 3D/Paladin/Animation/paladin_j_nordstrom@Walking Backwards.fbx using Guid(198fb23d08736cf45b8d6ab3ea78464f) Importer(815301076,1909f56bfc062723c751e8b465ee728b)  -> (artifact id: 'cabda52e0d9f1f5deaca0d9165b7bcdc') in 0.102732 seconds
  Import took 0.115943 seconds .

========================================================================
Received Import Request.
  Time since last request: 0.064327 seconds.
  path: Assets/Model 3D/Paladin/Animation/paladin_j_nordstrom@Walking Backwards.fbx
  artifactKey: Guid(198fb23d08736cf45b8d6ab3ea78464f) Importer(815301076,1909f56bfc062723c751e8b465ee728b)
Start importing Assets/Model 3D/Paladin/Animation/paladin_j_nordstrom@Walking Backwards.fbx using Guid(198fb23d08736cf45b8d6ab3ea78464f) Importer(815301076,1909f56bfc062723c751e8b465ee728b)  -> (artifact id: 'cabda52e0d9f1f5deaca0d9165b7bcdc') in 0.013853 seconds
  Import took 0.023662 seconds .

========================================================================
Received Import Request.
  Time since last request: 47.947948 seconds.
  path: Assets/Model 3D/Paladin/Animation/paladin_j_nordstrom@Walking Backwards (1).fbx
  artifactKey: Guid(be424e5ff7935784c831232e9079148b) Importer(815301076,1909f56bfc062723c751e8b465ee728b)
Start importing Assets/Model 3D/Paladin/Animation/paladin_j_nordstrom@Walking Backwards (1).fbx using Guid(be424e5ff7935784c831232e9079148b) Importer(815301076,1909f56bfc062723c751e8b465ee728b)  -> (artifact id: '676a840ac8453e6253356e6ed90f1d0a') in 0.043177 seconds
  Import took 0.055852 seconds .

========================================================================
Received Import Request.
  Time since last request: 0.008821 seconds.
  path: Assets/Model 3D/Paladin/Animation/paladin_j_nordstrom@Walking Backwards (1).fbx
  artifactKey: Guid(be424e5ff7935784c831232e9079148b) Importer(815301076,1909f56bfc062723c751e8b465ee728b)
Start importing Assets/Model 3D/Paladin/Animation/paladin_j_nordstrom@Walking Backwards (1).fbx using Guid(be424e5ff7935784c831232e9079148b) Importer(815301076,1909f56bfc062723c751e8b465ee728b)  -> (artifact id: '676a840ac8453e6253356e6ed90f1d0a') in 0.016185 seconds
  Import took 0.025394 seconds .

========================================================================
Received Import Request.
  Time since last request: 40.089668 seconds.
  path: Assets/Model 3D/Paladin/Animation/paladin_j_nordstrom@Walking Backwards (1).fbx
  artifactKey: Guid(be424e5ff7935784c831232e9079148b) Importer(815301076,1909f56bfc062723c751e8b465ee728b)
Start importing Assets/Model 3D/Paladin/Animation/paladin_j_nordstrom@Walking Backwards (1).fbx using Guid(be424e5ff7935784c831232e9079148b) Importer(815301076,1909f56bfc062723c751e8b465ee728b)  -> (artifact id: '3ba17af8e6debabf0e41fe9d16ab9ff3') in 0.012572 seconds
  Import took 0.021175 seconds .

========================================================================
Received Import Request.
  Time since last request: 78.588981 seconds.
  path: Assets/Model 3D/Paladin/Animation/paladin_j_nordstrom@Walking Backwards (1).fbx
  artifactKey: Guid(be424e5ff7935784c831232e9079148b) Importer(815301076,1909f56bfc062723c751e8b465ee728b)
Start importing Assets/Model 3D/Paladin/Animation/paladin_j_nordstrom@Walking Backwards (1).fbx using Guid(be424e5ff7935784c831232e9079148b) Importer(815301076,1909f56bfc062723c751e8b465ee728b)  -> (artifact id: '51744c7b8d606b3a8f80eb50d55e40cc') in 0.015938 seconds
  Import took 0.027113 seconds .

========================================================================
Received Prepare
Registering precompiled user dll's ...
Registered in 0.011631 seconds.
Begin MonoManager ReloadAssembly
Native extension for WindowsStandalone target not found
Refreshing native plugins compatible for Editor in 2.67 ms, found 2 plugins.
Preloading 0 native plugins for Editor in 0.00 ms.
Invoked RoslynAnalysisRunner static constructor.
RoslynAnalysisRunner will not be running.
RoslynAnalysisRunner has terminated.
Mono: successfully reloaded assembly
- Completed reload, in  3.194 seconds
Platform modules already initialized, skipping
Shader 'Enviro/Lite/SkyboxSimple': fallback shader 'None' not found
Shader 'Enviro/Standard/SkyboxSimple': fallback shader 'None' not found
Refreshing native plugins compatible for Editor in 1.71 ms, found 2 plugins.
Preloading 0 native plugins for Editor in 0.00 ms.
Unloading 2347 Unused Serialized files (Serialized files now loaded: 0)
System memory in use before: 222.4 MB.
System memory in use after: 222.2 MB.

Unloading 19 unused Assets to reduce memory usage. Loaded Objects now: 3001.
Total: 7.208700 ms (FindLiveObjects: 0.548100 ms CreateObjectMapping: 0.156400 ms MarkObjects: 5.016700 ms  DeleteObjects: 1.483900 ms)

========================================================================
Received Import Request.
  Time since last request: 252.929006 seconds.
  path: Assets/Model 3D/Paladin/Animation/paladin_j_nordstrom@Running Backward.fbx
  artifactKey: Guid(8ebb0ab346d20854da33286fc909ee13) Importer(815301076,1909f56bfc062723c751e8b465ee728b)
Start importing Assets/Model 3D/Paladin/Animation/paladin_j_nordstrom@Running Backward.fbx using Guid(8ebb0ab346d20854da33286fc909ee13) Importer(815301076,1909f56bfc062723c751e8b465ee728b)  -> (artifact id: '0eb36b2803ed8730db520e2d05e8a761') in 0.058492 seconds
  Import took 0.068714 seconds .

========================================================================
Received Prepare
Registering precompiled user dll's ...
Registered in 0.012659 seconds.
Begin MonoManager ReloadAssembly
Native extension for WindowsStandalone target not found
Refreshing native plugins compatible for Editor in 1.84 ms, found 2 plugins.
Preloading 0 native plugins for Editor in 0.00 ms.
Invoked RoslynAnalysisRunner static constructor.
RoslynAnalysisRunner will not be running.
RoslynAnalysisRunner has terminated.
Mono: successfully reloaded assembly
- Completed reload, in  2.494 seconds
Platform modules already initialized, skipping
Shader 'Enviro/Lite/SkyboxSimple': fallback shader 'None' not found
Shader 'Enviro/Standard/SkyboxSimple': fallback shader 'None' not found
Refreshing native plugins compatible for Editor in 1.81 ms, found 2 plugins.
Preloading 0 native plugins for Editor in 0.00 ms.
Unloading 2347 Unused Serialized files (Serialized files now loaded: 0)
System memory in use before: 222.5 MB.
System memory in use after: 222.3 MB.

Unloading 19 unused Assets to reduce memory usage. Loaded Objects now: 3006.
Total: 6.401000 ms (FindLiveObjects: 0.463100 ms CreateObjectMapping: 0.139000 ms MarkObjects: 4.752200 ms  DeleteObjects: 1.043700 ms)

========================================================================
Received Prepare
Registering precompiled user dll's ...
Registered in 0.023148 seconds.
Begin MonoManager ReloadAssembly
Native extension for WindowsStandalone target not found
Refreshing native plugins compatible for Editor in 1.89 ms, found 2 plugins.
Preloading 0 native plugins for Editor in 0.00 ms.
Invoked RoslynAnalysisRunner static constructor.
RoslynAnalysisRunner will not be running.
RoslynAnalysisRunner has terminated.
Mono: successfully reloaded assembly
- Completed reload, in  3.749 seconds
Platform modules already initialized, skipping
Shader 'Enviro/Lite/SkyboxSimple': fallback shader 'None' not found
Shader 'Enviro/Standard/SkyboxSimple': fallback shader 'None' not found
Refreshing native plugins compatible for Editor in 1.76 ms, found 2 plugins.
Preloading 0 native plugins for Editor in 0.00 ms.
Unloading 2347 Unused Serialized files (Serialized files now loaded: 0)
System memory in use before: 222.4 MB.
System memory in use after: 222.3 MB.

Unloading 19 unused Assets to reduce memory usage. Loaded Objects now: 3011.
Total: 14.430900 ms (FindLiveObjects: 1.385400 ms CreateObjectMapping: 0.585100 ms MarkObjects: 10.831300 ms  DeleteObjects: 1.624300 ms)

========================================================================
Received Import Request.
  Time since last request: 717.236760 seconds.
  path: Assets/Model 3D/Paladin/Animation/paladin_j_nordstrom@Standing To Crouched.fbx
  artifactKey: Guid(3fe92489b14f0114a88d08e0624136ac) Importer(815301076,1909f56bfc062723c751e8b465ee728b)
Start importing Assets/Model 3D/Paladin/Animation/paladin_j_nordstrom@Standing To Crouched.fbx using Guid(3fe92489b14f0114a88d08e0624136ac) Importer(815301076,1909f56bfc062723c751e8b465ee728b)  -> (artifact id: '82cd0370db7d15fc33abf7d72bbbc4fe') in 0.076976 seconds
  Import took 0.088444 seconds .

========================================================================
Received Import Request.
  Time since last request: 6.481392 seconds.
  path: Assets/Model 3D/Paladin/Animation/paladin_j_nordstrom@Standing To Crouched.fbx
  artifactKey: Guid(3fe92489b14f0114a88d08e0624136ac) Importer(815301076,1909f56bfc062723c751e8b465ee728b)
Start importing Assets/Model 3D/Paladin/Animation/paladin_j_nordstrom@Standing To Crouched.fbx using Guid(3fe92489b14f0114a88d08e0624136ac) Importer(815301076,1909f56bfc062723c751e8b465ee728b)  -> (artifact id: '1d2bca57687b438b14a40aacce736bba') in 0.014122 seconds
  Import took 0.025131 seconds .

========================================================================
Received Prepare
Registering precompiled user dll's ...
Registered in 0.013508 seconds.
Begin MonoManager ReloadAssembly
Native extension for WindowsStandalone target not found
Refreshing native plugins compatible for Editor in 2.27 ms, found 2 plugins.
Preloading 0 native plugins for Editor in 0.00 ms.
Invoked RoslynAnalysisRunner static constructor.
RoslynAnalysisRunner will not be running.
RoslynAnalysisRunner has terminated.
Mono: successfully reloaded assembly
- Completed reload, in  2.363 seconds
Platform modules already initialized, skipping
Shader 'Enviro/Lite/SkyboxSimple': fallback shader 'None' not found
Shader 'Enviro/Standard/SkyboxSimple': fallback shader 'None' not found
Refreshing native plugins compatible for Editor in 1.81 ms, found 2 plugins.
Preloading 0 native plugins for Editor in 0.00 ms.
Unloading 2347 Unused Serialized files (Serialized files now loaded: 0)
System memory in use before: 222.5 MB.
System memory in use after: 222.3 MB.

Unloading 19 unused Assets to reduce memory usage. Loaded Objects now: 3016.
Total: 8.692700 ms (FindLiveObjects: 1.016900 ms CreateObjectMapping: 0.326200 ms MarkObjects: 6.093100 ms  DeleteObjects: 1.251900 ms)

AssetImportWorkerClient::OnTransportError - code=2 error=End of file
